<?xml version="1.0" encoding="UTF-8"?>
<!-- Generated by org.testng.reporters.JUnitXMLReporter -->
<testsuite ignored="0" hostname="HP" failures="3" tests="6" name="ff" time="67.711" errors="0" timestamp="2022-07-02T18:31:44 IST">
  <testcase classname="testclass.Suitclass" name="test" time="0.01"/>
  <testcase classname="testclass.Suitclass" name="test" time="0.014"/>
  <testcase classname="testclass.Testclasststng" name="homepageleave" time="6.944">
    <failure type="org.openqa.selenium.ElementClickInterceptedException" message="element click intercepted: Element &amp;lt;input type=&amp;quot;checkbox&amp;quot; name=&amp;quot;leaveList[cmbWithTerminated]&amp;quot; value=&amp;quot;on&amp;quot; id=&amp;quot;leaveList_cmbWithTerminated&amp;quot;&amp;gt; is not clickable at point (192, 449). Other element would receive the click: &amp;lt;a class=&amp;quot;ui-state-default&amp;quot; href=&amp;quot;#&amp;quot;&amp;gt;...&amp;lt;/a&amp;gt;
  (Session info: chrome=103.0.5060.66)
Build info: version: &amp;apos;4.1.4&amp;apos;, revision: &amp;apos;535d840ee2&amp;apos;
System info: host: &amp;apos;HP&amp;apos;, ip: &amp;apos;192.168.232.45&amp;apos;, os.name: &amp;apos;Windows 8&amp;apos;, os.arch: &amp;apos;amd64&amp;apos;, os.version: &amp;apos;6.2&amp;apos;, java.version: &amp;apos;16.0.2&amp;apos;
Driver info: org.openqa.selenium.chrome.ChromeDriver
Command: [403df0e89f17f1b70bcc3fc4a9abb04b, clickElement {id=564d2fc0-e8e5-469e-a1df-f20647d556f6}]
Capabilities {acceptInsecureCerts: false, browserName: chrome, browserVersion: 103.0.5060.66, chrome: {chromedriverVersion: 102.0.5005.61 (0e59bcc00cc4..., userDataDir: C:\Users\WIN8~1\AppData\Loc...}, goog:chromeOptions: {debuggerAddress: localhost:49546}, javascriptEnabled: true, networkConnectionEnabled: false, pageLoadStrategy: normal, platform: WINDOWS, platformName: WINDOWS, proxy: Proxy(), se:cdp: ws://localhost:49546/devtoo..., se:cdpVersion: 103.0.5060.66, setWindowRect: true, strictFileInteractability: false, timeouts: {implicit: 0, pageLoad: 300000, script: 30000}, unhandledPromptBehavior: dismiss and notify, webauthn:extension:credBlob: true, webauthn:extension:largeBlob: true, webauthn:virtualAuthenticators: true}
Element: [[ChromeDriver: chrome on WINDOWS (403df0e89f17f1b70bcc3fc4a9abb04b)] -&amp;gt; xpath: //input [@id =&amp;apos;leaveList_cmbWithTerminated&amp;apos;]]
Session ID: 403df0e89f17f1b70bcc3fc4a9abb04b">
      <![CDATA[org.openqa.selenium.ElementClickInterceptedException: element click intercepted: Element <input type="checkbox" name="leaveList[cmbWithTerminated]" value="on" id="leaveList_cmbWithTerminated"> is not clickable at point (192, 449). Other element would receive the click: <a class="ui-state-default" href="#">...</a>
  (Session info: chrome=103.0.5060.66)
Build info: version: '4.1.4', revision: '535d840ee2'
System info: host: 'HP', ip: '192.168.232.45', os.name: 'Windows 8', os.arch: 'amd64', os.version: '6.2', java.version: '16.0.2'
Driver info: org.openqa.selenium.chrome.ChromeDriver
Command: [403df0e89f17f1b70bcc3fc4a9abb04b, clickElement {id=564d2fc0-e8e5-469e-a1df-f20647d556f6}]
Capabilities {acceptInsecureCerts: false, browserName: chrome, browserVersion: 103.0.5060.66, chrome: {chromedriverVersion: 102.0.5005.61 (0e59bcc00cc4..., userDataDir: C:\Users\WIN8~1\AppData\Loc...}, goog:chromeOptions: {debuggerAddress: localhost:49546}, javascriptEnabled: true, networkConnectionEnabled: false, pageLoadStrategy: normal, platform: WINDOWS, platformName: WINDOWS, proxy: Proxy(), se:cdp: ws://localhost:49546/devtoo..., se:cdpVersion: 103.0.5060.66, setWindowRect: true, strictFileInteractability: false, timeouts: {implicit: 0, pageLoad: 300000, script: 30000}, unhandledPromptBehavior: dismiss and notify, webauthn:extension:credBlob: true, webauthn:extension:largeBlob: true, webauthn:virtualAuthenticators: true}
Element: [[ChromeDriver: chrome on WINDOWS (403df0e89f17f1b70bcc3fc4a9abb04b)] -> xpath: //input [@id ='leaveList_cmbWithTerminated']]
Session ID: 403df0e89f17f1b70bcc3fc4a9abb04b
at org.openqa.selenium.remote.codec.w3c.W3CHttpResponseCodec.createException(W3CHttpResponseCodec.java:200)
at org.openqa.selenium.remote.codec.w3c.W3CHttpResponseCodec.decode(W3CHttpResponseCodec.java:133)
at org.openqa.selenium.remote.codec.w3c.W3CHttpResponseCodec.decode(W3CHttpResponseCodec.java:53)
at org.openqa.selenium.remote.HttpCommandExecutor.execute(HttpCommandExecutor.java:184)
at org.openqa.selenium.remote.service.DriverCommandExecutor.invokeExecute(DriverCommandExecutor.java:167)
at org.openqa.selenium.remote.service.DriverCommandExecutor.execute(DriverCommandExecutor.java:142)
at org.openqa.selenium.remote.RemoteWebDriver.execute(RemoteWebDriver.java:567)
at org.openqa.selenium.remote.RemoteWebElement.execute(RemoteWebElement.java:251)
at org.openqa.selenium.remote.RemoteWebElement.click(RemoteWebElement.java:77)
at org.openqa.selenium.support.pagefactory.internal.LocatingElementHandler.invoke(LocatingElementHandler.java:52)
at jdk.proxy2/jdk.proxy2.$Proxy18.click(Unknown Source)
at Pomclass.Leavemodule.leavepastemp(Leavemodule.java:75)
at testclass.Testclasststng.homepageleave(Testclasststng.java:58)
at java.base/java.util.ArrayList.forEach(ArrayList.java:1511)
at java.base/java.util.concurrent.FutureTask.run(FutureTask.java:264)
at java.base/java.util.concurrent.ThreadPoolExecutor.runWorker(ThreadPoolExecutor.java:1130)
at java.base/java.util.concurrent.ThreadPoolExecutor$Worker.run(ThreadPoolExecutor.java:630)
at java.base/java.lang.Thread.run(Thread.java:831)
... Removed 27 stack frames]]>
    </failure>
  </testcase> <!-- homepageleave -->
  <testcase classname="testclass.Testclasststng" name="homepageleave" time="5.114">
    <failure type="org.openqa.selenium.ElementClickInterceptedException" message="element click intercepted: Element &amp;lt;input type=&amp;quot;checkbox&amp;quot; name=&amp;quot;leaveList[cmbWithTerminated]&amp;quot; value=&amp;quot;on&amp;quot; id=&amp;quot;leaveList_cmbWithTerminated&amp;quot;&amp;gt; is not clickable at point (192, 449). Other element would receive the click: &amp;lt;a class=&amp;quot;ui-state-default&amp;quot; href=&amp;quot;#&amp;quot;&amp;gt;...&amp;lt;/a&amp;gt;
  (Session info: chrome=103.0.5060.66)
Build info: version: &amp;apos;4.1.4&amp;apos;, revision: &amp;apos;535d840ee2&amp;apos;
System info: host: &amp;apos;HP&amp;apos;, ip: &amp;apos;192.168.232.45&amp;apos;, os.name: &amp;apos;Windows 8&amp;apos;, os.arch: &amp;apos;amd64&amp;apos;, os.version: &amp;apos;6.2&amp;apos;, java.version: &amp;apos;16.0.2&amp;apos;
Driver info: org.openqa.selenium.chrome.ChromeDriver
Command: [403df0e89f17f1b70bcc3fc4a9abb04b, clickElement {id=36f21c1b-9ae3-4f3d-b6ec-217bd78e4ef8}]
Capabilities {acceptInsecureCerts: false, browserName: chrome, browserVersion: 103.0.5060.66, chrome: {chromedriverVersion: 102.0.5005.61 (0e59bcc00cc4..., userDataDir: C:\Users\WIN8~1\AppData\Loc...}, goog:chromeOptions: {debuggerAddress: localhost:49546}, javascriptEnabled: true, networkConnectionEnabled: false, pageLoadStrategy: normal, platform: WINDOWS, platformName: WINDOWS, proxy: Proxy(), se:cdp: ws://localhost:49546/devtoo..., se:cdpVersion: 103.0.5060.66, setWindowRect: true, strictFileInteractability: false, timeouts: {implicit: 0, pageLoad: 300000, script: 30000}, unhandledPromptBehavior: dismiss and notify, webauthn:extension:credBlob: true, webauthn:extension:largeBlob: true, webauthn:virtualAuthenticators: true}
Element: [[ChromeDriver: chrome on WINDOWS (403df0e89f17f1b70bcc3fc4a9abb04b)] -&amp;gt; xpath: //input [@id =&amp;apos;leaveList_cmbWithTerminated&amp;apos;]]
Session ID: 403df0e89f17f1b70bcc3fc4a9abb04b">
      <![CDATA[org.openqa.selenium.ElementClickInterceptedException: element click intercepted: Element <input type="checkbox" name="leaveList[cmbWithTerminated]" value="on" id="leaveList_cmbWithTerminated"> is not clickable at point (192, 449). Other element would receive the click: <a class="ui-state-default" href="#">...</a>
  (Session info: chrome=103.0.5060.66)
Build info: version: '4.1.4', revision: '535d840ee2'
System info: host: 'HP', ip: '192.168.232.45', os.name: 'Windows 8', os.arch: 'amd64', os.version: '6.2', java.version: '16.0.2'
Driver info: org.openqa.selenium.chrome.ChromeDriver
Command: [403df0e89f17f1b70bcc3fc4a9abb04b, clickElement {id=36f21c1b-9ae3-4f3d-b6ec-217bd78e4ef8}]
Capabilities {acceptInsecureCerts: false, browserName: chrome, browserVersion: 103.0.5060.66, chrome: {chromedriverVersion: 102.0.5005.61 (0e59bcc00cc4..., userDataDir: C:\Users\WIN8~1\AppData\Loc...}, goog:chromeOptions: {debuggerAddress: localhost:49546}, javascriptEnabled: true, networkConnectionEnabled: false, pageLoadStrategy: normal, platform: WINDOWS, platformName: WINDOWS, proxy: Proxy(), se:cdp: ws://localhost:49546/devtoo..., se:cdpVersion: 103.0.5060.66, setWindowRect: true, strictFileInteractability: false, timeouts: {implicit: 0, pageLoad: 300000, script: 30000}, unhandledPromptBehavior: dismiss and notify, webauthn:extension:credBlob: true, webauthn:extension:largeBlob: true, webauthn:virtualAuthenticators: true}
Element: [[ChromeDriver: chrome on WINDOWS (403df0e89f17f1b70bcc3fc4a9abb04b)] -> xpath: //input [@id ='leaveList_cmbWithTerminated']]
Session ID: 403df0e89f17f1b70bcc3fc4a9abb04b
at org.openqa.selenium.remote.codec.w3c.W3CHttpResponseCodec.createException(W3CHttpResponseCodec.java:200)
at org.openqa.selenium.remote.codec.w3c.W3CHttpResponseCodec.decode(W3CHttpResponseCodec.java:133)
at org.openqa.selenium.remote.codec.w3c.W3CHttpResponseCodec.decode(W3CHttpResponseCodec.java:53)
at org.openqa.selenium.remote.HttpCommandExecutor.execute(HttpCommandExecutor.java:184)
at org.openqa.selenium.remote.service.DriverCommandExecutor.invokeExecute(DriverCommandExecutor.java:167)
at org.openqa.selenium.remote.service.DriverCommandExecutor.execute(DriverCommandExecutor.java:142)
at org.openqa.selenium.remote.RemoteWebDriver.execute(RemoteWebDriver.java:567)
at org.openqa.selenium.remote.RemoteWebElement.execute(RemoteWebElement.java:251)
at org.openqa.selenium.remote.RemoteWebElement.click(RemoteWebElement.java:77)
at org.openqa.selenium.support.pagefactory.internal.LocatingElementHandler.invoke(LocatingElementHandler.java:52)
at jdk.proxy2/jdk.proxy2.$Proxy18.click(Unknown Source)
at Pomclass.Leavemodule.leavepastemp(Leavemodule.java:75)
at testclass.Testclasststng.homepageleave(Testclasststng.java:58)
at java.base/java.util.ArrayList.forEach(ArrayList.java:1511)
at java.base/java.util.concurrent.FutureTask.run(FutureTask.java:264)
at java.base/java.util.concurrent.ThreadPoolExecutor.runWorker(ThreadPoolExecutor.java:1130)
at java.base/java.util.concurrent.ThreadPoolExecutor$Worker.run(ThreadPoolExecutor.java:630)
at java.base/java.lang.Thread.run(Thread.java:831)
... Removed 26 stack frames]]>
    </failure>
  </testcase> <!-- homepageleave -->
  <testcase classname="testclass.Testclasststng" name="homepageleave" time="5.871">
    <failure type="org.openqa.selenium.ElementClickInterceptedException" message="element click intercepted: Element &amp;lt;input type=&amp;quot;checkbox&amp;quot; name=&amp;quot;leaveList[cmbWithTerminated]&amp;quot; value=&amp;quot;on&amp;quot; id=&amp;quot;leaveList_cmbWithTerminated&amp;quot;&amp;gt; is not clickable at point (192, 449). Other element would receive the click: &amp;lt;a class=&amp;quot;ui-state-default&amp;quot; href=&amp;quot;#&amp;quot;&amp;gt;...&amp;lt;/a&amp;gt;
  (Session info: chrome=103.0.5060.66)
Build info: version: &amp;apos;4.1.4&amp;apos;, revision: &amp;apos;535d840ee2&amp;apos;
System info: host: &amp;apos;HP&amp;apos;, ip: &amp;apos;192.168.232.45&amp;apos;, os.name: &amp;apos;Windows 8&amp;apos;, os.arch: &amp;apos;amd64&amp;apos;, os.version: &amp;apos;6.2&amp;apos;, java.version: &amp;apos;16.0.2&amp;apos;
Driver info: org.openqa.selenium.chrome.ChromeDriver
Command: [403df0e89f17f1b70bcc3fc4a9abb04b, clickElement {id=64f3568d-0121-49f6-8aec-ac1bc30afe6b}]
Capabilities {acceptInsecureCerts: false, browserName: chrome, browserVersion: 103.0.5060.66, chrome: {chromedriverVersion: 102.0.5005.61 (0e59bcc00cc4..., userDataDir: C:\Users\WIN8~1\AppData\Loc...}, goog:chromeOptions: {debuggerAddress: localhost:49546}, javascriptEnabled: true, networkConnectionEnabled: false, pageLoadStrategy: normal, platform: WINDOWS, platformName: WINDOWS, proxy: Proxy(), se:cdp: ws://localhost:49546/devtoo..., se:cdpVersion: 103.0.5060.66, setWindowRect: true, strictFileInteractability: false, timeouts: {implicit: 0, pageLoad: 300000, script: 30000}, unhandledPromptBehavior: dismiss and notify, webauthn:extension:credBlob: true, webauthn:extension:largeBlob: true, webauthn:virtualAuthenticators: true}
Element: [[ChromeDriver: chrome on WINDOWS (403df0e89f17f1b70bcc3fc4a9abb04b)] -&amp;gt; xpath: //input [@id =&amp;apos;leaveList_cmbWithTerminated&amp;apos;]]
Session ID: 403df0e89f17f1b70bcc3fc4a9abb04b">
      <![CDATA[org.openqa.selenium.ElementClickInterceptedException: element click intercepted: Element <input type="checkbox" name="leaveList[cmbWithTerminated]" value="on" id="leaveList_cmbWithTerminated"> is not clickable at point (192, 449). Other element would receive the click: <a class="ui-state-default" href="#">...</a>
  (Session info: chrome=103.0.5060.66)
Build info: version: '4.1.4', revision: '535d840ee2'
System info: host: 'HP', ip: '192.168.232.45', os.name: 'Windows 8', os.arch: 'amd64', os.version: '6.2', java.version: '16.0.2'
Driver info: org.openqa.selenium.chrome.ChromeDriver
Command: [403df0e89f17f1b70bcc3fc4a9abb04b, clickElement {id=64f3568d-0121-49f6-8aec-ac1bc30afe6b}]
Capabilities {acceptInsecureCerts: false, browserName: chrome, browserVersion: 103.0.5060.66, chrome: {chromedriverVersion: 102.0.5005.61 (0e59bcc00cc4..., userDataDir: C:\Users\WIN8~1\AppData\Loc...}, goog:chromeOptions: {debuggerAddress: localhost:49546}, javascriptEnabled: true, networkConnectionEnabled: false, pageLoadStrategy: normal, platform: WINDOWS, platformName: WINDOWS, proxy: Proxy(), se:cdp: ws://localhost:49546/devtoo..., se:cdpVersion: 103.0.5060.66, setWindowRect: true, strictFileInteractability: false, timeouts: {implicit: 0, pageLoad: 300000, script: 30000}, unhandledPromptBehavior: dismiss and notify, webauthn:extension:credBlob: true, webauthn:extension:largeBlob: true, webauthn:virtualAuthenticators: true}
Element: [[ChromeDriver: chrome on WINDOWS (403df0e89f17f1b70bcc3fc4a9abb04b)] -> xpath: //input [@id ='leaveList_cmbWithTerminated']]
Session ID: 403df0e89f17f1b70bcc3fc4a9abb04b
at org.openqa.selenium.remote.codec.w3c.W3CHttpResponseCodec.createException(W3CHttpResponseCodec.java:200)
at org.openqa.selenium.remote.codec.w3c.W3CHttpResponseCodec.decode(W3CHttpResponseCodec.java:133)
at org.openqa.selenium.remote.codec.w3c.W3CHttpResponseCodec.decode(W3CHttpResponseCodec.java:53)
at org.openqa.selenium.remote.HttpCommandExecutor.execute(HttpCommandExecutor.java:184)
at org.openqa.selenium.remote.service.DriverCommandExecutor.invokeExecute(DriverCommandExecutor.java:167)
at org.openqa.selenium.remote.service.DriverCommandExecutor.execute(DriverCommandExecutor.java:142)
at org.openqa.selenium.remote.RemoteWebDriver.execute(RemoteWebDriver.java:567)
at org.openqa.selenium.remote.RemoteWebElement.execute(RemoteWebElement.java:251)
at org.openqa.selenium.remote.RemoteWebElement.click(RemoteWebElement.java:77)
at org.openqa.selenium.support.pagefactory.internal.LocatingElementHandler.invoke(LocatingElementHandler.java:52)
at jdk.proxy2/jdk.proxy2.$Proxy18.click(Unknown Source)
at Pomclass.Leavemodule.leavepastemp(Leavemodule.java:75)
at testclass.Testclasststng.homepageleave(Testclasststng.java:58)
at java.base/java.util.ArrayList.forEach(ArrayList.java:1511)
at java.base/java.util.concurrent.FutureTask.run(FutureTask.java:264)
at java.base/java.util.concurrent.ThreadPoolExecutor.runWorker(ThreadPoolExecutor.java:1130)
at java.base/java.util.concurrent.ThreadPoolExecutor$Worker.run(ThreadPoolExecutor.java:630)
at java.base/java.lang.Thread.run(Thread.java:831)
... Removed 26 stack frames]]>
    </failure>
  </testcase> <!-- homepageleave -->
  <testcase classname="testclass.Testclasststng" name="homepageadmin" time="4.268"/>
</testsuite> <!-- ff -->
