<?xml version="1.0" encoding="UTF-8"?>
<!-- Generated by org.testng.reporters.JUnitXMLReporter -->
<testsuite ignored="3" hostname="HP" failures="0" tests="6" name="Test" time="55.047" errors="0" timestamp="2022-07-02T18:31:31 IST">
  <testcase classname="Pomclass.Priority" name="test3" time="0.009"/>
  <testcase classname="testclass.Suitclass" name="test" time="0.012"/>
  <testcase classname="testclass.Suitclass" name="test" time="0.01"/>
  <testcase classname="testclass.Testclasststng" name="homepageleave" time="6.269"/>
  <testcase classname="testclass.Testclasststng" name="homepageleave" time="4.473"/>
  <testcase classname="testclass.Testclasststng" name="homepageleave" time="5.568"/>
  <testcase classname="Pomclass.Priority" name="test1" time="0.0">
    <ignored/>
  </testcase> <!-- test1 -->
  <testcase classname="testclass.Testclasststng" name="homepageadmin" time="0.0">
    <ignored/>
  </testcase> <!-- homepageadmin -->
  <testcase classname="Pomclass.Priority" name="test" time="0.0">
    <ignored/>
  </testcase> <!-- test -->
</testsuite> <!-- Test -->
